<?xml version="1.0" encoding="UTF-8"?>
<testsuite xmlns:xsi="http://www.w3.org/2001/XMLSchema-instance" xsi:noNamespaceSchemaLocation="https://maven.apache.org/surefire/maven-surefire-plugin/xsd/surefire-test-report-3.0.xsd" version="3.0" name="com.yubzhou.statemachine.StatemachineDemoApplicationTests" time="3.276" tests="3" errors="0" skipped="0" failures="0">
  <properties>
[...]
</properties>
  <testcase name="testSubmitTransition" classname="com.yubzhou.statemachine.StatemachineDemoApplicationTests" time="0.835">
    <system-out><![CDATA[
  .   ____          _            __ _ _
 /\\ / ___'_ __ _ _(_)_ __  __ _ \ \ \ \
( ( )\___ | '_ | '_| | '_ \/ _` | \ \ \ \
 \\/  ___)| |_)| | | | | || (_| |  ) ) ) )
  '  |____| .__|_| |_|_| |_\__, | / / / /
 =========|_|==============|___/=/_/_/_/
 :: Spring Boot ::                (v3.2.4)

2026-03-06 15:22:07.823 [main] INFO  c.y.statemachine.StatemachineDemoApplicationTests - Starting StatemachineDemoApplicationTests using Java 17.0.18 with PID 7111 (started by runner in /home/runner/work/statemachine-demo/statemachine-demo)
2026-03-06 15:22:07.825 [main] DEBUG c.y.statemachine.StatemachineDemoApplicationTests - Running with Spring Boot v3.2.4, Spring v6.1.5
2026-03-06 15:22:07.826 [main] INFO  c.y.statemachine.StatemachineDemoApplicationTests - The following 1 profile is active: "dev"
2026-03-06 15:22:08.681 [main] WARN  o.s.c.s.PostProcessorRegistrationDelegate$BeanPostProcessorChecker - Bean 'org.springframework.statemachine.config.configuration.StateMachineAnnotationPostProcessorConfiguration' of type [org.springframework.statemachine.config.configuration.StateMachineAnnotationPostProcessorConfiguration$$SpringCGLIB$$0] is not eligible for getting processed by all BeanPostProcessors (for example: not eligible for auto-proxying). The currently created BeanPostProcessor [org.springframework.statemachine.processor.stateMachineAnnotationPostProcessor] is declared through a non-static factory method on that class; consider declaring it as static instead.
2026-03-06 15:22:09.444 [main] INFO  c.y.statemachine.StatemachineDemoApplicationTests - Started StatemachineDemoApplicationTests in 2.084 seconds (process running for 2.874)
]]></system-out>
  </testcase>
  <testcase name="testStateMachineCreation" classname="com.yubzhou.statemachine.StatemachineDemoApplicationTests" time="0.008"/>
  <testcase name="contextLoads" classname="com.yubzhou.statemachine.StatemachineDemoApplicationTests" time="0.003"/>
</testsuite>